Using pre-set license
Built from '2020.3/release' branch; Version is '2020.3.7f1 (dd97f2c94397) revision 14522354'; Using compiler version '192528614'; Build Type 'Release'
OS: 'Windows 10 Home; OS build 19042.1288; Version 2009; 64bit' Language: 'en' Physical Memory: 32620 MB
BatchMode: 1, IsHumanControllingUs: 0, StartBugReporterOnCrash: 0, Is64bit: 1, IsPro: 0

 COMMAND LINE ARGUMENTS:
C:\Program Files\Unity\Hub\Editor\2020.3.7f1\Editor\Unity.exe
-adb2
-batchMode
-noUpm
-name
AssetImportWorker0
-projectPath
C:/Users/kerem/OneDrive/Masaüstü/Unity Repos/Object Pooling
-logFile
Logs/AssetImportWorker0.log
-srvPort
53934
Successfully changed project path to: C:/Users/kerem/OneDrive/Masaüstü/Unity Repos/Object Pooling
C:/Users/kerem/OneDrive/Masaüstü/Unity Repos/Object Pooling
Using Asset Import Pipeline V2.
Refreshing native plugins compatible for Editor in 16.88 ms, found 0 plugins.
Preloading 0 native plugins for Editor in 0.00 ms.
Initialize engine version: 2020.3.7f1 (dd97f2c94397)
[Subsystems] Discovering subsystems at path C:/Program Files/Unity/Hub/Editor/2020.3.7f1/Editor/Data/Resources/UnitySubsystems
[Subsystems] Discovering subsystems at path C:/Users/kerem/OneDrive/Masaüstü/Unity Repos/Object Pooling/Assets
GfxDevice: creating device client; threaded=0
Direct3D:
    Version:  Direct3D 11.0 [level 11.1]
    Renderer: NVIDIA GeForce RTX 3070 Laptop GPU (ID=0x24dd)
    Vendor:   
    VRAM:     8044 MB
    Driver:   27.21.14.6681
Initialize mono
Mono path[0] = 'C:/Program Files/Unity/Hub/Editor/2020.3.7f1/Editor/Data/Managed'
Mono path[1] = 'C:/Program Files/Unity/Hub/Editor/2020.3.7f1/Editor/Data/MonoBleedingEdge/lib/mono/unityjit'
Mono config path = 'C:/Program Files/Unity/Hub/Editor/2020.3.7f1/Editor/Data/MonoBleedingEdge/etc'
Using monoOptions --debugger-agent=transport=dt_socket,embedding=1,server=y,suspend=n,address=127.0.0.1:56324
Begin MonoManager ReloadAssembly
Registering precompiled unity dll's ...
Register platform support module: C:/Program Files/Unity/Hub/Editor/2020.3.7f1/Editor/Data/PlaybackEngines/WebGLSupport/UnityEditor.WebGL.Extensions.dll
Register platform support module: C:/Program Files/Unity/Hub/Editor/2020.3.7f1/Editor/Data/PlaybackEngines/WindowsStandaloneSupport/UnityEditor.WindowsStandalone.Extensions.dll
Registered in 0.002033 seconds.
Native extension for WindowsStandalone target not found
Native extension for WebGL target not found
Refreshing native plugins compatible for Editor in 17.48 ms, found 0 plugins.
Preloading 0 native plugins for Editor in 0.00 ms.
Mono: successfully reloaded assembly
- Completed reload, in  1.376 seconds
Platform modules already initialized, skipping
Registering precompiled user dll's ...
Registered in 0.000628 seconds.
Begin MonoManager ReloadAssembly
Native extension for WindowsStandalone target not found
Native extension for WebGL target not found
Refreshing native plugins compatible for Editor in 0.22 ms, found 0 plugins.
Preloading 0 native plugins for Editor in 0.00 ms.
Mono: successfully reloaded assembly
- Completed reload, in  0.601 seconds
Platform modules already initialized, skipping
========================================================================
Worker process is ready to serve import requests
Launched and connected shader compiler UnityShaderCompiler.exe after 0.04 seconds
Refreshing native plugins compatible for Editor in 0.22 ms, found 0 plugins.
Preloading 0 native plugins for Editor in 0.00 ms.
Unloading 1115 Unused Serialized files (Serialized files now loaded: 0)
System memory in use before: 57.1 MB.
System memory in use after: 57.1 MB.

Unloading 10 unused Assets to reduce memory usage. Loaded Objects now: 1557.
Total: 1.686700 ms (FindLiveObjects: 0.149000 ms CreateObjectMapping: 0.029300 ms MarkObjects: 1.441800 ms  DeleteObjects: 0.065400 ms)

========================================================================
Received Import Request.
  path: Assets
  artifactKey: Guid(00000000000000001000000000000000) Importer(815301076,1909f56bfc062723c751e8b465ee728b)
Start importing Assets using Guid(00000000000000001000000000000000) Importer(815301076,1909f56bfc062723c751e8b465ee728b)  -> (artifact id: '5f6a1853b736837ecfb0820a881449cb') in 0.022002 seconds
  Import took 0.024217 seconds .

========================================================================
Received Import Request.
  Time since last request: 138.123290 seconds.
  path: Assets/Spawner.cs
  artifactKey: Guid(d5b87b4c78d8e5e43b87f6d5c7e59c90) Importer(815301076,1909f56bfc062723c751e8b465ee728b)
Start importing Assets/Spawner.cs using Guid(d5b87b4c78d8e5e43b87f6d5c7e59c90) Importer(815301076,1909f56bfc062723c751e8b465ee728b)  -> (artifact id: '9e93cbe9116914af8f19e542632adc35') in 0.033866 seconds
  Import took 0.035642 seconds .

========================================================================
Received Prepare
Registering precompiled user dll's ...
Registered in 0.000544 seconds.
Begin MonoManager ReloadAssembly
Native extension for WindowsStandalone target not found
Native extension for WebGL target not found
Refreshing native plugins compatible for Editor in 0.23 ms, found 0 plugins.
Preloading 0 native plugins for Editor in 0.00 ms.
Mono: successfully reloaded assembly
- Completed reload, in  0.586 seconds
Platform modules already initialized, skipping
Refreshing native plugins compatible for Editor in 0.19 ms, found 0 plugins.
Preloading 0 native plugins for Editor in 0.00 ms.
Unloading 1111 Unused Serialized files (Serialized files now loaded: 0)
System memory in use before: 57.1 MB.
System memory in use after: 57.1 MB.

Unloading 5 unused Assets to reduce memory usage. Loaded Objects now: 1561.
Total: 1.597900 ms (FindLiveObjects: 0.146200 ms CreateObjectMapping: 0.045600 ms MarkObjects: 1.356900 ms  DeleteObjects: 0.048300 ms)

========================================================================
Received Import Request.
  Time since last request: 31.078640 seconds.
  path: Assets/Cube.cs
  artifactKey: Guid(f26a74106f3187b468da1adf85442d6e) Importer(815301076,1909f56bfc062723c751e8b465ee728b)
Start importing Assets/Cube.cs using Guid(f26a74106f3187b468da1adf85442d6e) Importer(815301076,1909f56bfc062723c751e8b465ee728b)  -> (artifact id: 'cdec3971df995d73d5c6a5f70d59cf4c') in 0.022048 seconds
  Import took 0.024466 seconds .

========================================================================
Received Prepare
Registering precompiled user dll's ...
Registered in 0.000617 seconds.
Begin MonoManager ReloadAssembly
Native extension for WindowsStandalone target not found
Native extension for WebGL target not found
Refreshing native plugins compatible for Editor in 0.22 ms, found 0 plugins.
Preloading 0 native plugins for Editor in 0.00 ms.
Mono: successfully reloaded assembly
- Completed reload, in  0.584 seconds
Platform modules already initialized, skipping
Refreshing native plugins compatible for Editor in 0.20 ms, found 0 plugins.
Preloading 0 native plugins for Editor in 0.00 ms.
Unloading 1112 Unused Serialized files (Serialized files now loaded: 0)
System memory in use before: 57.1 MB.
System memory in use after: 57.2 MB.

Unloading 5 unused Assets to reduce memory usage. Loaded Objects now: 1565.
Total: 1.835200 ms (FindLiveObjects: 0.286900 ms CreateObjectMapping: 0.038500 ms MarkObjects: 1.466900 ms  DeleteObjects: 0.041600 ms)

========================================================================
Received Prepare
Registering precompiled user dll's ...
Registered in 0.000630 seconds.
Begin MonoManager ReloadAssembly
Native extension for WindowsStandalone target not found
Native extension for WebGL target not found
Refreshing native plugins compatible for Editor in 0.21 ms, found 0 plugins.
Preloading 0 native plugins for Editor in 0.00 ms.
Mono: successfully reloaded assembly
- Completed reload, in  0.548 seconds
Platform modules already initialized, skipping
Refreshing native plugins compatible for Editor in 0.19 ms, found 0 plugins.
Preloading 0 native plugins for Editor in 0.00 ms.
Unloading 1112 Unused Serialized files (Serialized files now loaded: 0)
System memory in use before: 57.1 MB.
System memory in use after: 57.2 MB.

Unloading 5 unused Assets to reduce memory usage. Loaded Objects now: 1568.
Total: 1.648200 ms (FindLiveObjects: 0.156000 ms CreateObjectMapping: 0.037900 ms MarkObjects: 1.418900 ms  DeleteObjects: 0.034400 ms)

========================================================================
Received Import Request.
  Time since last request: 391.880194 seconds.
  path: Assets/Cube.prefab
  artifactKey: Guid(4ec524406c079454aa7c4b0d59973e34) Importer(815301076,1909f56bfc062723c751e8b465ee728b)
Start importing Assets/Cube.prefab using Guid(4ec524406c079454aa7c4b0d59973e34) Importer(815301076,1909f56bfc062723c751e8b465ee728b)  -> (artifact id: '614fb71ffa403918bec02cc350e2908d') in 0.039280 seconds
  Import took 0.041102 seconds .

========================================================================
Received Import Request.
  Time since last request: 19.069909 seconds.
  path: Assets/Cube.prefab
  artifactKey: Guid(4ec524406c079454aa7c4b0d59973e34) Importer(815301076,1909f56bfc062723c751e8b465ee728b)
Start importing Assets/Cube.prefab using Guid(4ec524406c079454aa7c4b0d59973e34) Importer(815301076,1909f56bfc062723c751e8b465ee728b)  -> (artifact id: '92ee956f3be251c52ef4b7f9c0a3ea6d') in 0.063595 seconds
  Import took 0.065468 seconds .

========================================================================
Received Import Request.
  Time since last request: 18.477155 seconds.
  path: Assets/Cube Material.mat
  artifactKey: Guid(4e34043bfbbcab8468f7c8d46520fce7) Importer(815301076,1909f56bfc062723c751e8b465ee728b)
Start importing Assets/Cube Material.mat using Guid(4e34043bfbbcab8468f7c8d46520fce7) Importer(815301076,1909f56bfc062723c751e8b465ee728b)  -> (artifact id: '4b14fa1525abf0cc22248688276c9399') in 0.050709 seconds
  Import took 0.053181 seconds .

========================================================================
Received Import Request.
  Time since last request: 18.502575 seconds.
  path: Assets/Cube.prefab
  artifactKey: Guid(4ec524406c079454aa7c4b0d59973e34) Importer(815301076,1909f56bfc062723c751e8b465ee728b)
Start importing Assets/Cube.prefab using Guid(4ec524406c079454aa7c4b0d59973e34) Importer(815301076,1909f56bfc062723c751e8b465ee728b)  -> (artifact id: '1056c5c31c7a6e76c6bafc73a6c59841') in 0.025173 seconds
  Import took 0.027037 seconds .

========================================================================
Received Import Request.
  Time since last request: 11.889314 seconds.
  path: Assets/Spawner.cs
  artifactKey: Guid(d5b87b4c78d8e5e43b87f6d5c7e59c90) Importer(815301076,1909f56bfc062723c751e8b465ee728b)
Start importing Assets/Spawner.cs using Guid(d5b87b4c78d8e5e43b87f6d5c7e59c90) Importer(815301076,1909f56bfc062723c751e8b465ee728b)  -> (artifact id: 'd071570853bfc42c6eb44a83b74acc02') in 0.020732 seconds
  Import took 0.022651 seconds .

========================================================================
Received Import Request.
  Time since last request: 7.302634 seconds.
  path: Assets/Cube.prefab
  artifactKey: Guid(4ec524406c079454aa7c4b0d59973e34) Importer(815301076,1909f56bfc062723c751e8b465ee728b)
Start importing Assets/Cube.prefab using Guid(4ec524406c079454aa7c4b0d59973e34) Importer(815301076,1909f56bfc062723c751e8b465ee728b)  -> (artifact id: 'ef683e3640545734a4cb0fe5d1fbfb94') in 0.025531 seconds
  Import took 0.027366 seconds .

========================================================================
Received Prepare
Registering precompiled user dll's ...
Registered in 0.000527 seconds.
Begin MonoManager ReloadAssembly
Native extension for WindowsStandalone target not found
Native extension for WebGL target not found
Refreshing native plugins compatible for Editor in 0.21 ms, found 0 plugins.
Preloading 0 native plugins for Editor in 0.00 ms.
Mono: successfully reloaded assembly
- Completed reload, in  0.532 seconds
Platform modules already initialized, skipping
Refreshing native plugins compatible for Editor in 0.21 ms, found 0 plugins.
Preloading 0 native plugins for Editor in 0.00 ms.
Unloading 1112 Unused Serialized files (Serialized files now loaded: 0)
System memory in use before: 60.5 MB.
System memory in use after: 60.6 MB.

Unloading 6 unused Assets to reduce memory usage. Loaded Objects now: 1612.
Total: 1.469700 ms (FindLiveObjects: 0.181700 ms CreateObjectMapping: 0.024100 ms MarkObjects: 1.217300 ms  DeleteObjects: 0.045700 ms)

========================================================================
Received Import Request.
  Time since last request: 41.959157 seconds.
  path: Assets/Cube.prefab
  artifactKey: Guid(4ec524406c079454aa7c4b0d59973e34) Importer(815301076,1909f56bfc062723c751e8b465ee728b)
Start importing Assets/Cube.prefab using Guid(4ec524406c079454aa7c4b0d59973e34) Importer(815301076,1909f56bfc062723c751e8b465ee728b)  -> (artifact id: '77647f1ea1658d5c006efef5db9b1e50') in 0.058778 seconds
  Import took 0.060754 seconds .

========================================================================
Received Import Request.
  Time since last request: 36.524752 seconds.
  path: Assets/Cube.prefab
  artifactKey: Guid(4ec524406c079454aa7c4b0d59973e34) Importer(815301076,1909f56bfc062723c751e8b465ee728b)
Start importing Assets/Cube.prefab using Guid(4ec524406c079454aa7c4b0d59973e34) Importer(815301076,1909f56bfc062723c751e8b465ee728b)  -> (artifact id: 'a02523e0b312c36e054a9ff82552e34a') in 0.034862 seconds
  Import took 0.037573 seconds .

========================================================================
Received Prepare
Registering precompiled user dll's ...
Registered in 0.000597 seconds.
Begin MonoManager ReloadAssembly
Native extension for WindowsStandalone target not found
Native extension for WebGL target not found
Refreshing native plugins compatible for Editor in 0.22 ms, found 0 plugins.
Preloading 0 native plugins for Editor in 0.00 ms.
Mono: successfully reloaded assembly
- Completed reload, in  0.573 seconds
Platform modules already initialized, skipping
Refreshing native plugins compatible for Editor in 0.20 ms, found 0 plugins.
Preloading 0 native plugins for Editor in 0.00 ms.
Unloading 1112 Unused Serialized files (Serialized files now loaded: 0)
System memory in use before: 60.5 MB.
System memory in use after: 60.6 MB.

Unloading 5 unused Assets to reduce memory usage. Loaded Objects now: 1616.
Total: 1.456100 ms (FindLiveObjects: 0.131600 ms CreateObjectMapping: 0.026700 ms MarkObjects: 1.255300 ms  DeleteObjects: 0.041600 ms)

========================================================================
Received Prepare
Registering precompiled user dll's ...
Registered in 0.000510 seconds.
Begin MonoManager ReloadAssembly
Native extension for WindowsStandalone target not found
Native extension for WebGL target not found
Refreshing native plugins compatible for Editor in 0.21 ms, found 0 plugins.
Preloading 0 native plugins for Editor in 0.00 ms.
Mono: successfully reloaded assembly
- Completed reload, in  0.560 seconds
Platform modules already initialized, skipping
Refreshing native plugins compatible for Editor in 0.19 ms, found 0 plugins.
Preloading 0 native plugins for Editor in 0.00 ms.
Unloading 1112 Unused Serialized files (Serialized files now loaded: 0)
System memory in use before: 60.5 MB.
System memory in use after: 60.6 MB.

Unloading 5 unused Assets to reduce memory usage. Loaded Objects now: 1619.
Total: 1.864600 ms (FindLiveObjects: 0.221300 ms CreateObjectMapping: 0.059200 ms MarkObjects: 1.539600 ms  DeleteObjects: 0.043400 ms)

========================================================================
Received Import Request.
  Time since last request: 169.734343 seconds.
  path: Assets/Cube.prefab
  artifactKey: Guid(4ec524406c079454aa7c4b0d59973e34) Importer(815301076,1909f56bfc062723c751e8b465ee728b)
Start importing Assets/Cube.prefab using Guid(4ec524406c079454aa7c4b0d59973e34) Importer(815301076,1909f56bfc062723c751e8b465ee728b)  -> (artifact id: '4ae6d20570b1c0e03fb2074ad0fe80ab') in 0.064805 seconds
  Import took 0.066741 seconds .

========================================================================
Received Import Request.
  Time since last request: 3.153890 seconds.
  path: Assets/Cube.prefab
  artifactKey: Guid(4ec524406c079454aa7c4b0d59973e34) Importer(815301076,1909f56bfc062723c751e8b465ee728b)
Start importing Assets/Cube.prefab using Guid(4ec524406c079454aa7c4b0d59973e34) Importer(815301076,1909f56bfc062723c751e8b465ee728b)  -> (artifact id: 'de12afc61c3f7876d4cc1f4e8fef060e') in 0.026583 seconds
  Import took 0.028551 seconds .

========================================================================
Received Prepare
Registering precompiled user dll's ...
Registered in 0.000558 seconds.
Begin MonoManager ReloadAssembly
Native extension for WindowsStandalone target not found
Native extension for WebGL target not found
Refreshing native plugins compatible for Editor in 0.21 ms, found 0 plugins.
Preloading 0 native plugins for Editor in 0.00 ms.
Mono: successfully reloaded assembly
- Completed reload, in  0.546 seconds
Platform modules already initialized, skipping
Refreshing native plugins compatible for Editor in 0.20 ms, found 0 plugins.
Preloading 0 native plugins for Editor in 0.00 ms.
Unloading 1112 Unused Serialized files (Serialized files now loaded: 0)
System memory in use before: 60.5 MB.
System memory in use after: 60.6 MB.

Unloading 5 unused Assets to reduce memory usage. Loaded Objects now: 1623.
Total: 1.680800 ms (FindLiveObjects: 0.129200 ms CreateObjectMapping: 0.034200 ms MarkObjects: 1.473900 ms  DeleteObjects: 0.042500 ms)

========================================================================
Received Import Request.
  Time since last request: 35.714780 seconds.
  path: Assets/Ground Material.mat
  artifactKey: Guid(df7718014cf614849b3c11ce607331fc) Importer(815301076,1909f56bfc062723c751e8b465ee728b)
Start importing Assets/Ground Material.mat using Guid(df7718014cf614849b3c11ce607331fc) Importer(815301076,1909f56bfc062723c751e8b465ee728b)  -> (artifact id: '483e10a9b9a58350a79e8c3f3a5db114') in 0.062294 seconds
  Import took 0.064266 seconds .

========================================================================
Received Prepare
Registering precompiled user dll's ...
Registered in 0.000532 seconds.
Begin MonoManager ReloadAssembly
Native extension for WindowsStandalone target not found
Native extension for WebGL target not found
Refreshing native plugins compatible for Editor in 0.22 ms, found 0 plugins.
Preloading 0 native plugins for Editor in 0.00 ms.
Mono: successfully reloaded assembly
- Completed reload, in  0.548 seconds
Platform modules already initialized, skipping
Refreshing native plugins compatible for Editor in 0.19 ms, found 0 plugins.
Preloading 0 native plugins for Editor in 0.00 ms.
Unloading 1112 Unused Serialized files (Serialized files now loaded: 0)
System memory in use before: 60.5 MB.
System memory in use after: 60.6 MB.

Unloading 5 unused Assets to reduce memory usage. Loaded Objects now: 1627.
Total: 1.561000 ms (FindLiveObjects: 0.181500 ms CreateObjectMapping: 0.033600 ms MarkObjects: 1.305700 ms  DeleteObjects: 0.039300 ms)

========================================================================
Received Import Request.
  Time since last request: 142.194801 seconds.
  path: Assets/Cube.prefab
  artifactKey: Guid(4ec524406c079454aa7c4b0d59973e34) Importer(815301076,1909f56bfc062723c751e8b465ee728b)
Start importing Assets/Cube.prefab using Guid(4ec524406c079454aa7c4b0d59973e34) Importer(815301076,1909f56bfc062723c751e8b465ee728b)  -> (artifact id: 'e6594dc0970efd6b1ce71eb4d6b7ef38') in 0.065139 seconds
  Import took 0.067081 seconds .

========================================================================
Received Import Request.
  Time since last request: 2.560015 seconds.
  path: Assets/Cube.prefab
  artifactKey: Guid(4ec524406c079454aa7c4b0d59973e34) Importer(815301076,1909f56bfc062723c751e8b465ee728b)
Start importing Assets/Cube.prefab using Guid(4ec524406c079454aa7c4b0d59973e34) Importer(815301076,1909f56bfc062723c751e8b465ee728b)  -> (artifact id: 'ece182bcff989114f15338e699f0726e') in 0.028959 seconds
  Import took 0.030927 seconds .

========================================================================
Received Prepare
Registering precompiled user dll's ...
Registered in 0.000607 seconds.
Begin MonoManager ReloadAssembly
Native extension for WindowsStandalone target not found
Native extension for WebGL target not found
Refreshing native plugins compatible for Editor in 0.21 ms, found 0 plugins.
Preloading 0 native plugins for Editor in 0.00 ms.
Mono: successfully reloaded assembly
- Completed reload, in  0.544 seconds
Platform modules already initialized, skipping
Refreshing native plugins compatible for Editor in 0.19 ms, found 0 plugins.
Preloading 0 native plugins for Editor in 0.00 ms.
Unloading 1112 Unused Serialized files (Serialized files now loaded: 0)
System memory in use before: 60.6 MB.
System memory in use after: 60.6 MB.

Unloading 5 unused Assets to reduce memory usage. Loaded Objects now: 1631.
Total: 1.670800 ms (FindLiveObjects: 0.119900 ms CreateObjectMapping: 0.032700 ms MarkObjects: 1.478800 ms  DeleteObjects: 0.038700 ms)

========================================================================
Received Prepare
Registering precompiled user dll's ...
Registered in 0.000501 seconds.
Begin MonoManager ReloadAssembly
Native extension for WindowsStandalone target not found
Native extension for WebGL target not found
Refreshing native plugins compatible for Editor in 0.21 ms, found 0 plugins.
Preloading 0 native plugins for Editor in 0.00 ms.
Mono: successfully reloaded assembly
- Completed reload, in  0.578 seconds
Platform modules already initialized, skipping
Refreshing native plugins compatible for Editor in 0.22 ms, found 0 plugins.
Preloading 0 native plugins for Editor in 0.00 ms.
Unloading 1112 Unused Serialized files (Serialized files now loaded: 0)
System memory in use before: 60.6 MB.
System memory in use after: 60.6 MB.

Unloading 5 unused Assets to reduce memory usage. Loaded Objects now: 1634.
Total: 1.714700 ms (FindLiveObjects: 0.148400 ms CreateObjectMapping: 0.037300 ms MarkObjects: 1.483700 ms  DeleteObjects: 0.043800 ms)

========================================================================
Received Import Request.
  Time since last request: 30.793902 seconds.
  path: Assets/Cube.prefab
  artifactKey: Guid(4ec524406c079454aa7c4b0d59973e34) Importer(815301076,1909f56bfc062723c751e8b465ee728b)
Start importing Assets/Cube.prefab using Guid(4ec524406c079454aa7c4b0d59973e34) Importer(815301076,1909f56bfc062723c751e8b465ee728b)  -> (artifact id: '8722e9b43bfc51e4cc692dafa04fa99b') in 0.062912 seconds
  Import took 0.064964 seconds .

========================================================================
Received Prepare
Registering precompiled user dll's ...
Registered in 0.000571 seconds.
Begin MonoManager ReloadAssembly
Native extension for WindowsStandalone target not found
Native extension for WebGL target not found
Refreshing native plugins compatible for Editor in 0.25 ms, found 0 plugins.
Preloading 0 native plugins for Editor in 0.00 ms.
Mono: successfully reloaded assembly
- Completed reload, in  0.607 seconds
Platform modules already initialized, skipping
Refreshing native plugins compatible for Editor in 0.22 ms, found 0 plugins.
Preloading 0 native plugins for Editor in 0.00 ms.
Unloading 1113 Unused Serialized files (Serialized files now loaded: 0)
System memory in use before: 60.6 MB.
System memory in use after: 60.7 MB.

Unloading 5 unused Assets to reduce memory usage. Loaded Objects now: 1639.
Total: 1.829100 ms (FindLiveObjects: 0.155100 ms CreateObjectMapping: 0.043900 ms MarkObjects: 1.569200 ms  DeleteObjects: 0.059600 ms)

========================================================================
Received Import Request.
  Time since last request: 190.070729 seconds.
  path: Assets/ObjectPooler.cs
  artifactKey: Guid(8cb473f812b8cde4fb1c4126abf24957) Importer(815301076,1909f56bfc062723c751e8b465ee728b)
Start importing Assets/ObjectPooler.cs using Guid(8cb473f812b8cde4fb1c4126abf24957) Importer(815301076,1909f56bfc062723c751e8b465ee728b)  -> (artifact id: 'a9c56839b0db6453543a2c5df58c58c9') in 0.023621 seconds
  Import took 0.025508 seconds .

========================================================================
Received Prepare
Registering precompiled user dll's ...
Registered in 0.000593 seconds.
Begin MonoManager ReloadAssembly
Native extension for WindowsStandalone target not found
Native extension for WebGL target not found
Refreshing native plugins compatible for Editor in 0.21 ms, found 0 plugins.
Preloading 0 native plugins for Editor in 0.00 ms.
Mono: successfully reloaded assembly
- Completed reload, in  0.567 seconds
Platform modules already initialized, skipping
Refreshing native plugins compatible for Editor in 0.20 ms, found 0 plugins.
Preloading 0 native plugins for Editor in 0.00 ms.
Unloading 1113 Unused Serialized files (Serialized files now loaded: 0)
System memory in use before: 60.6 MB.
System memory in use after: 60.7 MB.

Unloading 5 unused Assets to reduce memory usage. Loaded Objects now: 1642.
Total: 1.621500 ms (FindLiveObjects: 0.127200 ms CreateObjectMapping: 0.028900 ms MarkObjects: 1.422500 ms  DeleteObjects: 0.042100 ms)

========================================================================
Received Import Request.
  Time since last request: 474.226892 seconds.
  path: Assets/ObjectPooler.cs
  artifactKey: Guid(8cb473f812b8cde4fb1c4126abf24957) Importer(815301076,1909f56bfc062723c751e8b465ee728b)
Start importing Assets/ObjectPooler.cs using Guid(8cb473f812b8cde4fb1c4126abf24957) Importer(815301076,1909f56bfc062723c751e8b465ee728b)  -> (artifact id: 'ad5b1a44c3a8f968a97bb7a7deba02b7') in 0.021619 seconds
  Import took 0.023453 seconds .

========================================================================
Received Prepare
Registering precompiled user dll's ...
Registered in 0.000519 seconds.
Begin MonoManager ReloadAssembly
Native extension for WindowsStandalone target not found
Native extension for WebGL target not found
Refreshing native plugins compatible for Editor in 0.22 ms, found 0 plugins.
Preloading 0 native plugins for Editor in 0.00 ms.
Mono: successfully reloaded assembly
- Completed reload, in  0.560 seconds
Platform modules already initialized, skipping
Refreshing native plugins compatible for Editor in 0.21 ms, found 0 plugins.
Preloading 0 native plugins for Editor in 0.00 ms.
Unloading 1113 Unused Serialized files (Serialized files now loaded: 0)
System memory in use before: 60.6 MB.
System memory in use after: 60.7 MB.

Unloading 5 unused Assets to reduce memory usage. Loaded Objects now: 1645.
Total: 1.660500 ms (FindLiveObjects: 0.133300 ms CreateObjectMapping: 0.030300 ms MarkObjects: 1.448600 ms  DeleteObjects: 0.047200 ms)

========================================================================
Received Prepare
Registering precompiled user dll's ...
Registered in 0.000544 seconds.
Begin MonoManager ReloadAssembly
Native extension for WindowsStandalone target not found
Native extension for WebGL target not found
Refreshing native plugins compatible for Editor in 0.22 ms, found 0 plugins.
Preloading 0 native plugins for Editor in 0.00 ms.
Mono: successfully reloaded assembly
- Completed reload, in  0.580 seconds
Platform modules already initialized, skipping
Refreshing native plugins compatible for Editor in 0.22 ms, found 0 plugins.
Preloading 0 native plugins for Editor in 0.00 ms.
Unloading 1113 Unused Serialized files (Serialized files now loaded: 0)
System memory in use before: 60.6 MB.
System memory in use after: 60.7 MB.

Unloading 5 unused Assets to reduce memory usage. Loaded Objects now: 1648.
Total: 1.723700 ms (FindLiveObjects: 0.134300 ms CreateObjectMapping: 0.029700 ms MarkObjects: 1.514500 ms  DeleteObjects: 0.044200 ms)

========================================================================
Received Prepare
Registering precompiled user dll's ...
Registered in 0.000607 seconds.
Begin MonoManager ReloadAssembly
Native extension for WindowsStandalone target not found
Native extension for WebGL target not found
Refreshing native plugins compatible for Editor in 0.22 ms, found 0 plugins.
Preloading 0 native plugins for Editor in 0.00 ms.
Mono: successfully reloaded assembly
- Completed reload, in  0.537 seconds
Platform modules already initialized, skipping
Refreshing native plugins compatible for Editor in 0.17 ms, found 0 plugins.
Preloading 0 native plugins for Editor in 0.00 ms.
Unloading 1113 Unused Serialized files (Serialized files now loaded: 0)
System memory in use before: 60.6 MB.
System memory in use after: 60.7 MB.

Unloading 5 unused Assets to reduce memory usage. Loaded Objects now: 1651.
Total: 1.638400 ms (FindLiveObjects: 0.204400 ms CreateObjectMapping: 0.039900 ms MarkObjects: 1.343700 ms  DeleteObjects: 0.049500 ms)

========================================================================
Received Prepare
Registering precompiled user dll's ...
Registered in 0.000615 seconds.
Begin MonoManager ReloadAssembly
Native extension for WindowsStandalone target not found
Native extension for WebGL target not found
Refreshing native plugins compatible for Editor in 0.24 ms, found 0 plugins.
Preloading 0 native plugins for Editor in 0.00 ms.
Mono: successfully reloaded assembly
- Completed reload, in  0.553 seconds
Platform modules already initialized, skipping
Refreshing native plugins compatible for Editor in 0.19 ms, found 0 plugins.
Preloading 0 native plugins for Editor in 0.00 ms.
Unloading 1113 Unused Serialized files (Serialized files now loaded: 0)
System memory in use before: 60.6 MB.
System memory in use after: 60.7 MB.

Unloading 5 unused Assets to reduce memory usage. Loaded Objects now: 1654.
Total: 3.074200 ms (FindLiveObjects: 0.524300 ms CreateObjectMapping: 0.171800 ms MarkObjects: 2.327500 ms  DeleteObjects: 0.047400 ms)

========================================================================
Received Prepare
Registering precompiled user dll's ...
Registered in 0.000580 seconds.
Begin MonoManager ReloadAssembly
Native extension for WindowsStandalone target not found
Native extension for WebGL target not found
Refreshing native plugins compatible for Editor in 0.23 ms, found 0 plugins.
Preloading 0 native plugins for Editor in 0.00 ms.
Mono: successfully reloaded assembly
- Completed reload, in  0.607 seconds
Platform modules already initialized, skipping
Refreshing native plugins compatible for Editor in 0.21 ms, found 0 plugins.
Preloading 0 native plugins for Editor in 0.00 ms.
Unloading 1113 Unused Serialized files (Serialized files now loaded: 0)
System memory in use before: 60.6 MB.
System memory in use after: 60.7 MB.

Unloading 5 unused Assets to reduce memory usage. Loaded Objects now: 1657.
Total: 1.653700 ms (FindLiveObjects: 0.188000 ms CreateObjectMapping: 0.025500 ms MarkObjects: 1.387000 ms  DeleteObjects: 0.052200 ms)

========================================================================
Received Prepare
Registering precompiled user dll's ...
Registered in 0.000545 seconds.
Begin MonoManager ReloadAssembly
Native extension for WindowsStandalone target not found
Native extension for WebGL target not found
Refreshing native plugins compatible for Editor in 0.22 ms, found 0 plugins.
Preloading 0 native plugins for Editor in 0.00 ms.
Mono: successfully reloaded assembly
- Completed reload, in  0.548 seconds
Platform modules already initialized, skipping
Refreshing native plugins compatible for Editor in 0.21 ms, found 0 plugins.
Preloading 0 native plugins for Editor in 0.00 ms.
Unloading 1113 Unused Serialized files (Serialized files now loaded: 0)
System memory in use before: 60.6 MB.
System memory in use after: 60.7 MB.

Unloading 5 unused Assets to reduce memory usage. Loaded Objects now: 1660.
Total: 1.787300 ms (FindLiveObjects: 0.158000 ms CreateObjectMapping: 0.039300 ms MarkObjects: 1.540000 ms  DeleteObjects: 0.048800 ms)

========================================================================
Received Import Request.
  Time since last request: 4478.036512 seconds.
  path: Assets/Spawner.cs
  artifactKey: Guid(d5b87b4c78d8e5e43b87f6d5c7e59c90) Importer(815301076,1909f56bfc062723c751e8b465ee728b)
Start importing Assets/Spawner.cs using Guid(d5b87b4c78d8e5e43b87f6d5c7e59c90) Importer(815301076,1909f56bfc062723c751e8b465ee728b)  -> (artifact id: 'a5f30ed2826ad493683d1797f6a29638') in 0.021629 seconds
  Import took 0.023577 seconds .

========================================================================
Received Import Request.
  Time since last request: 0.252655 seconds.
  path: Assets/ObjectPooler.cs
  artifactKey: Guid(8cb473f812b8cde4fb1c4126abf24957) Importer(815301076,1909f56bfc062723c751e8b465ee728b)
Start importing Assets/ObjectPooler.cs using Guid(8cb473f812b8cde4fb1c4126abf24957) Importer(815301076,1909f56bfc062723c751e8b465ee728b)  -> (artifact id: 'e160473a3b769b1cb8e379abb58c1a95') in 0.019222 seconds
  Import took 0.021138 seconds .

========================================================================
Received Import Request.
  Time since last request: 0.002762 seconds.
  path: Assets/ObjectPooler.cs
  artifactKey: Guid(8cb473f812b8cde4fb1c4126abf24957) Importer(815301076,1909f56bfc062723c751e8b465ee728b)
Start importing Assets/ObjectPooler.cs using Guid(8cb473f812b8cde4fb1c4126abf24957) Importer(815301076,1909f56bfc062723c751e8b465ee728b)  -> (artifact id: 'e160473a3b769b1cb8e379abb58c1a95') in 0.019429 seconds
  Import took 0.021094 seconds .

========================================================================
Received Import Request.
  Time since last request: 2.746960 seconds.
  path: Assets/Cube.cs
  artifactKey: Guid(f26a74106f3187b468da1adf85442d6e) Importer(815301076,1909f56bfc062723c751e8b465ee728b)
Start importing Assets/Cube.cs using Guid(f26a74106f3187b468da1adf85442d6e) Importer(815301076,1909f56bfc062723c751e8b465ee728b)  -> (artifact id: '009f05bf057e3ff76ed1a25963373be1') in 0.020785 seconds
  Import took 0.022689 seconds .

========================================================================
Received Prepare
Registering precompiled user dll's ...
Registered in 0.000504 seconds.
Begin MonoManager ReloadAssembly
Native extension for WindowsStandalone target not found
Native extension for WebGL target not found
Refreshing native plugins compatible for Editor in 0.23 ms, found 0 plugins.
Preloading 0 native plugins for Editor in 0.00 ms.
Mono: successfully reloaded assembly
- Completed reload, in  0.549 seconds
Platform modules already initialized, skipping
Refreshing native plugins compatible for Editor in 0.19 ms, found 0 plugins.
Preloading 0 native plugins for Editor in 0.00 ms.
Unloading 1113 Unused Serialized files (Serialized files now loaded: 0)
System memory in use before: 60.6 MB.
System memory in use after: 60.7 MB.

Unloading 5 unused Assets to reduce memory usage. Loaded Objects now: 1663.
Total: 1.778100 ms (FindLiveObjects: 0.127200 ms CreateObjectMapping: 0.032600 ms MarkObjects: 1.576200 ms  DeleteObjects: 0.041300 ms)

========================================================================
Received Prepare
Registering precompiled user dll's ...
Registered in 0.000632 seconds.
Begin MonoManager ReloadAssembly
Native extension for WindowsStandalone target not found
Native extension for WebGL target not found
Refreshing native plugins compatible for Editor in 0.21 ms, found 0 plugins.
Preloading 0 native plugins for Editor in 0.00 ms.
Mono: successfully reloaded assembly
- Completed reload, in  0.578 seconds
Platform modules already initialized, skipping
Refreshing native plugins compatible for Editor in 0.20 ms, found 0 plugins.
Preloading 0 native plugins for Editor in 0.00 ms.
Unloading 1113 Unused Serialized files (Serialized files now loaded: 0)
System memory in use before: 60.7 MB.
System memory in use after: 60.7 MB.

Unloading 5 unused Assets to reduce memory usage. Loaded Objects now: 1666.
Total: 1.577000 ms (FindLiveObjects: 0.174600 ms CreateObjectMapping: 0.031500 ms MarkObjects: 1.321100 ms  DeleteObjects: 0.049100 ms)

========================================================================
Received Prepare
Registering precompiled user dll's ...
Registered in 0.000573 seconds.
Begin MonoManager ReloadAssembly
Native extension for WindowsStandalone target not found
Native extension for WebGL target not found
Refreshing native plugins compatible for Editor in 0.22 ms, found 0 plugins.
Preloading 0 native plugins for Editor in 0.00 ms.
Mono: successfully reloaded assembly
- Completed reload, in  0.570 seconds
Platform modules already initialized, skipping
Refreshing native plugins compatible for Editor in 0.20 ms, found 0 plugins.
Preloading 0 native plugins for Editor in 0.00 ms.
Unloading 1113 Unused Serialized files (Serialized files now loaded: 0)
System memory in use before: 60.7 MB.
System memory in use after: 60.7 MB.

Unloading 5 unused Assets to reduce memory usage. Loaded Objects now: 1669.
Total: 1.795900 ms (FindLiveObjects: 0.132600 ms CreateObjectMapping: 0.033700 ms MarkObjects: 1.588100 ms  DeleteObjects: 0.040600 ms)

========================================================================
Received Import Request.
  Time since last request: 154.469244 seconds.
  path: Assets/ObjectPooler.cs
  artifactKey: Guid(8cb473f812b8cde4fb1c4126abf24957) Importer(815301076,1909f56bfc062723c751e8b465ee728b)
Start importing Assets/ObjectPooler.cs using Guid(8cb473f812b8cde4fb1c4126abf24957) Importer(815301076,1909f56bfc062723c751e8b465ee728b)  -> (artifact id: '40fde98aae5c9b65eb13d919cda37bc1') in 0.021906 seconds
  Import took 0.023695 seconds .

========================================================================
Received Prepare
Registering precompiled user dll's ...
Registered in 0.000545 seconds.
Begin MonoManager ReloadAssembly
Native extension for WindowsStandalone target not found
Native extension for WebGL target not found
Refreshing native plugins compatible for Editor in 0.22 ms, found 0 plugins.
Preloading 0 native plugins for Editor in 0.00 ms.
Mono: successfully reloaded assembly
- Completed reload, in  0.545 seconds
Platform modules already initialized, skipping
Refreshing native plugins compatible for Editor in 0.18 ms, found 0 plugins.
Preloading 0 native plugins for Editor in 0.00 ms.
Unloading 1113 Unused Serialized files (Serialized files now loaded: 0)
System memory in use before: 60.7 MB.
System memory in use after: 60.7 MB.

Unloading 5 unused Assets to reduce memory usage. Loaded Objects now: 1672.
Total: 1.510000 ms (FindLiveObjects: 0.157100 ms CreateObjectMapping: 0.037000 ms MarkObjects: 1.272600 ms  DeleteObjects: 0.042600 ms)

========================================================================
Received Prepare
Registering precompiled user dll's ...
Registered in 0.000568 seconds.
Begin MonoManager ReloadAssembly
Native extension for WindowsStandalone target not found
Native extension for WebGL target not found
Refreshing native plugins compatible for Editor in 0.21 ms, found 0 plugins.
Preloading 0 native plugins for Editor in 0.00 ms.
Mono: successfully reloaded assembly
- Completed reload, in  0.541 seconds
Platform modules already initialized, skipping
Refreshing native plugins compatible for Editor in 0.21 ms, found 0 plugins.
Preloading 0 native plugins for Editor in 0.00 ms.
Unloading 1113 Unused Serialized files (Serialized files now loaded: 0)
System memory in use before: 60.7 MB.
System memory in use after: 60.8 MB.

Unloading 5 unused Assets to reduce memory usage. Loaded Objects now: 1675.
Total: 1.842900 ms (FindLiveObjects: 0.228700 ms CreateObjectMapping: 0.052500 ms MarkObjects: 1.511100 ms  DeleteObjects: 0.049400 ms)

========================================================================
Received Prepare
Registering precompiled user dll's ...
Registered in 0.000607 seconds.
Begin MonoManager ReloadAssembly
Native extension for WindowsStandalone target not found
Native extension for WebGL target not found
Refreshing native plugins compatible for Editor in 0.21 ms, found 0 plugins.
Preloading 0 native plugins for Editor in 0.00 ms.
Mono: successfully reloaded assembly
- Completed reload, in  0.553 seconds
Platform modules already initialized, skipping
Refreshing native plugins compatible for Editor in 0.20 ms, found 0 plugins.
Preloading 0 native plugins for Editor in 0.00 ms.
Unloading 1113 Unused Serialized files (Serialized files now loaded: 0)
System memory in use before: 60.7 MB.
System memory in use after: 60.8 MB.

Unloading 5 unused Assets to reduce memory usage. Loaded Objects now: 1678.
Total: 1.747000 ms (FindLiveObjects: 0.238300 ms CreateObjectMapping: 0.063100 ms MarkObjects: 1.395800 ms  DeleteObjects: 0.048900 ms)

========================================================================
Received Prepare
Registering precompiled user dll's ...
Registered in 0.000527 seconds.
Begin MonoManager ReloadAssembly
Native extension for WindowsStandalone target not found
Native extension for WebGL target not found
Refreshing native plugins compatible for Editor in 0.22 ms, found 0 plugins.
Preloading 0 native plugins for Editor in 0.00 ms.
Mono: successfully reloaded assembly
- Completed reload, in  0.551 seconds
Platform modules already initialized, skipping
Refreshing native plugins compatible for Editor in 0.27 ms, found 0 plugins.
Preloading 0 native plugins for Editor in 0.00 ms.
Unloading 1113 Unused Serialized files (Serialized files now loaded: 0)
System memory in use before: 60.7 MB.
System memory in use after: 60.8 MB.

Unloading 5 unused Assets to reduce memory usage. Loaded Objects now: 1681.
Total: 1.679700 ms (FindLiveObjects: 0.122900 ms CreateObjectMapping: 0.024900 ms MarkObjects: 1.483300 ms  DeleteObjects: 0.047600 ms)

========================================================================
Received Prepare
Registering precompiled user dll's ...
Registered in 0.000649 seconds.
Begin MonoManager ReloadAssembly
Native extension for WindowsStandalone target not found
Native extension for WebGL target not found
Refreshing native plugins compatible for Editor in 0.21 ms, found 0 plugins.
Preloading 0 native plugins for Editor in 0.00 ms.
Mono: successfully reloaded assembly
- Completed reload, in  0.547 seconds
Platform modules already initialized, skipping
Refreshing native plugins compatible for Editor in 0.19 ms, found 0 plugins.
Preloading 0 native plugins for Editor in 0.00 ms.
Unloading 1113 Unused Serialized files (Serialized files now loaded: 0)
System memory in use before: 60.7 MB.
System memory in use after: 60.8 MB.

Unloading 5 unused Assets to reduce memory usage. Loaded Objects now: 1684.
Total: 1.767900 ms (FindLiveObjects: 0.149000 ms CreateObjectMapping: 0.036800 ms MarkObjects: 1.533400 ms  DeleteObjects: 0.047500 ms)

========================================================================
Received Import Request.
  Time since last request: 288.576816 seconds.
  path: Assets/Cube.prefab
  artifactKey: Guid(4ec524406c079454aa7c4b0d59973e34) Importer(815301076,1909f56bfc062723c751e8b465ee728b)
Start importing Assets/Cube.prefab using Guid(4ec524406c079454aa7c4b0d59973e34) Importer(815301076,1909f56bfc062723c751e8b465ee728b)  -> (artifact id: '8b5cf8fe906a8c9006864dabd118721a') in 0.058217 seconds
  Import took 0.060143 seconds .

========================================================================
Received Import Request.
  Time since last request: 2.467513 seconds.
  path: Assets/Cube.prefab
  artifactKey: Guid(4ec524406c079454aa7c4b0d59973e34) Importer(815301076,1909f56bfc062723c751e8b465ee728b)
Start importing Assets/Cube.prefab using Guid(4ec524406c079454aa7c4b0d59973e34) Importer(815301076,1909f56bfc062723c751e8b465ee728b)  -> (artifact id: 'db61938cad5da3f9ab199fe60165a6fe') in 0.028702 seconds
  Import took 0.030851 seconds .

========================================================================
Received Import Request.
  Time since last request: 3.563484 seconds.
  path: Assets/Cube.prefab
  artifactKey: Guid(4ec524406c079454aa7c4b0d59973e34) Importer(815301076,1909f56bfc062723c751e8b465ee728b)
Start importing Assets/Cube.prefab using Guid(4ec524406c079454aa7c4b0d59973e34) Importer(815301076,1909f56bfc062723c751e8b465ee728b)  -> (artifact id: '054d2813a9fe9204ded6aacdbac63d85') in 0.037737 seconds
  Import took 0.039928 seconds .

========================================================================
Received Prepare
Registering precompiled user dll's ...
Registered in 0.000648 seconds.
Begin MonoManager ReloadAssembly
Native extension for WindowsStandalone target not found
Native extension for WebGL target not found
Refreshing native plugins compatible for Editor in 0.21 ms, found 0 plugins.
Preloading 0 native plugins for Editor in 0.00 ms.
Mono: successfully reloaded assembly
- Completed reload, in  0.557 seconds
Platform modules already initialized, skipping
Refreshing native plugins compatible for Editor in 0.21 ms, found 0 plugins.
Preloading 0 native plugins for Editor in 0.00 ms.
Unloading 1113 Unused Serialized files (Serialized files now loaded: 0)
System memory in use before: 60.7 MB.
System memory in use after: 60.8 MB.

Unloading 5 unused Assets to reduce memory usage. Loaded Objects now: 1688.
Total: 2.092100 ms (FindLiveObjects: 0.227800 ms CreateObjectMapping: 0.046300 ms MarkObjects: 1.768800 ms  DeleteObjects: 0.048100 ms)

========================================================================
Received Prepare
Registering precompiled user dll's ...
Registered in 0.000523 seconds.
Begin MonoManager ReloadAssembly
Native extension for WindowsStandalone target not found
Native extension for WebGL target not found
Refreshing native plugins compatible for Editor in 0.23 ms, found 0 plugins.
Preloading 0 native plugins for Editor in 0.00 ms.
Mono: successfully reloaded assembly
- Completed reload, in  0.549 seconds
Platform modules already initialized, skipping
Refreshing native plugins compatible for Editor in 0.21 ms, found 0 plugins.
Preloading 0 native plugins for Editor in 0.00 ms.
Unloading 1113 Unused Serialized files (Serialized files now loaded: 0)
System memory in use before: 60.7 MB.
System memory in use after: 60.8 MB.

Unloading 5 unused Assets to reduce memory usage. Loaded Objects now: 1691.
Total: 1.540000 ms (FindLiveObjects: 0.134800 ms CreateObjectMapping: 0.029700 ms MarkObjects: 1.329400 ms  DeleteObjects: 0.045200 ms)

========================================================================
Received Prepare
Registering precompiled user dll's ...
Registered in 0.000596 seconds.
Begin MonoManager ReloadAssembly
Native extension for WindowsStandalone target not found
Native extension for WebGL target not found
Refreshing native plugins compatible for Editor in 0.21 ms, found 0 plugins.
Preloading 0 native plugins for Editor in 0.00 ms.
Mono: successfully reloaded assembly
- Completed reload, in  0.561 seconds
Platform modules already initialized, skipping
Refreshing native plugins compatible for Editor in 0.21 ms, found 0 plugins.
Preloading 0 native plugins for Editor in 0.00 ms.
Unloading 1113 Unused Serialized files (Serialized files now loaded: 0)
System memory in use before: 60.7 MB.
System memory in use after: 60.8 MB.

Unloading 5 unused Assets to reduce memory usage. Loaded Objects now: 1694.
Total: 1.702600 ms (FindLiveObjects: 0.155500 ms CreateObjectMapping: 0.039600 ms MarkObjects: 1.461700 ms  DeleteObjects: 0.045100 ms)

========================================================================
Received Import Request.
  Time since last request: 240.379435 seconds.
  path: Assets/Cube.prefab
  artifactKey: Guid(4ec524406c079454aa7c4b0d59973e34) Importer(815301076,1909f56bfc062723c751e8b465ee728b)
Start importing Assets/Cube.prefab using Guid(4ec524406c079454aa7c4b0d59973e34) Importer(815301076,1909f56bfc062723c751e8b465ee728b)  -> (artifact id: '6b8691c9befa46daee135766daef39fa') in 0.057388 seconds
  Import took 0.059403 seconds .

========================================================================
Received Prepare
Registering precompiled user dll's ...
Registered in 0.000541 seconds.
Begin MonoManager ReloadAssembly
Native extension for WindowsStandalone target not found
Native extension for WebGL target not found
Refreshing native plugins compatible for Editor in 0.21 ms, found 0 plugins.
Preloading 0 native plugins for Editor in 0.00 ms.
Mono: successfully reloaded assembly
- Completed reload, in  0.546 seconds
Platform modules already initialized, skipping
Refreshing native plugins compatible for Editor in 0.19 ms, found 0 plugins.
Preloading 0 native plugins for Editor in 0.00 ms.
Unloading 1113 Unused Serialized files (Serialized files now loaded: 0)
System memory in use before: 60.8 MB.
System memory in use after: 60.8 MB.

Unloading 5 unused Assets to reduce memory usage. Loaded Objects now: 1698.
Total: 1.707100 ms (FindLiveObjects: 0.140200 ms CreateObjectMapping: 0.034700 ms MarkObjects: 1.494000 ms  DeleteObjects: 0.037400 ms)

========================================================================
Received Prepare
Registering precompiled user dll's ...
Registered in 0.000664 seconds.
Begin MonoManager ReloadAssembly
Native extension for WindowsStandalone target not found
Native extension for WebGL target not found
Refreshing native plugins compatible for Editor in 0.21 ms, found 0 plugins.
Preloading 0 native plugins for Editor in 0.00 ms.
Mono: successfully reloaded assembly
- Completed reload, in  0.544 seconds
Platform modules already initialized, skipping
Refreshing native plugins compatible for Editor in 0.21 ms, found 0 plugins.
Preloading 0 native plugins for Editor in 0.00 ms.
Unloading 1113 Unused Serialized files (Serialized files now loaded: 0)
System memory in use before: 60.8 MB.
System memory in use after: 60.8 MB.

Unloading 5 unused Assets to reduce memory usage. Loaded Objects now: 1701.
Total: 1.765000 ms (FindLiveObjects: 0.160200 ms CreateObjectMapping: 0.053000 ms MarkObjects: 1.499900 ms  DeleteObjects: 0.050700 ms)

========================================================================
Received Prepare
Registering precompiled user dll's ...
Registered in 0.000599 seconds.
Begin MonoManager ReloadAssembly
Native extension for WindowsStandalone target not found
Native extension for WebGL target not found
Refreshing native plugins compatible for Editor in 0.22 ms, found 0 plugins.
Preloading 0 native plugins for Editor in 0.00 ms.
Mono: successfully reloaded assembly
- Completed reload, in  0.557 seconds
Platform modules already initialized, skipping
Refreshing native plugins compatible for Editor in 0.19 ms, found 0 plugins.
Preloading 0 native plugins for Editor in 0.00 ms.
Unloading 1113 Unused Serialized files (Serialized files now loaded: 0)
System memory in use before: 60.8 MB.
System memory in use after: 60.8 MB.

Unloading 5 unused Assets to reduce memory usage. Loaded Objects now: 1704.
Total: 1.681800 ms (FindLiveObjects: 0.149100 ms CreateObjectMapping: 0.032900 ms MarkObjects: 1.456000 ms  DeleteObjects: 0.042900 ms)

========================================================================
Received Prepare
Registering precompiled user dll's ...
Registered in 0.000609 seconds.
Begin MonoManager ReloadAssembly
Native extension for WindowsStandalone target not found
Native extension for WebGL target not found
Refreshing native plugins compatible for Editor in 0.23 ms, found 0 plugins.
Preloading 0 native plugins for Editor in 0.00 ms.
Mono: successfully reloaded assembly
- Completed reload, in  0.552 seconds
Platform modules already initialized, skipping
Refreshing native plugins compatible for Editor in 0.21 ms, found 0 plugins.
Preloading 0 native plugins for Editor in 0.00 ms.
Unloading 1113 Unused Serialized files (Serialized files now loaded: 0)
System memory in use before: 60.8 MB.
System memory in use after: 60.9 MB.

Unloading 5 unused Assets to reduce memory usage. Loaded Objects now: 1707.
Total: 1.778200 ms (FindLiveObjects: 0.167700 ms CreateObjectMapping: 0.033000 ms MarkObjects: 1.523600 ms  DeleteObjects: 0.053200 ms)

========================================================================
Received Import Request.
  Time since last request: 474.836420 seconds.
  path: Assets/Cube.prefab
  artifactKey: Guid(4ec524406c079454aa7c4b0d59973e34) Importer(815301076,1909f56bfc062723c751e8b465ee728b)
Start importing Assets/Cube.prefab using Guid(4ec524406c079454aa7c4b0d59973e34) Importer(815301076,1909f56bfc062723c751e8b465ee728b)  -> (artifact id: '8f43cc80a7ee59f074c3a2441ea85036') in 0.058609 seconds
  Import took 0.060860 seconds .

========================================================================
Received Import Request.
  Time since last request: 0.002279 seconds.
  path: Assets/Cube.prefab
  artifactKey: Guid(4ec524406c079454aa7c4b0d59973e34) Importer(815301076,1909f56bfc062723c751e8b465ee728b)
Start importing Assets/Cube.prefab using Guid(4ec524406c079454aa7c4b0d59973e34) Importer(815301076,1909f56bfc062723c751e8b465ee728b)  -> (artifact id: '8f43cc80a7ee59f074c3a2441ea85036') in 0.035141 seconds
  Import took 0.036955 seconds .

========================================================================
Received Prepare
Registering precompiled user dll's ...
Registered in 0.000660 seconds.
Begin MonoManager ReloadAssembly
Native extension for WindowsStandalone target not found
Native extension for WebGL target not found
Refreshing native plugins compatible for Editor in 0.23 ms, found 0 plugins.
Preloading 0 native plugins for Editor in 0.00 ms.
Mono: successfully reloaded assembly
- Completed reload, in  0.567 seconds
Platform modules already initialized, skipping
Refreshing native plugins compatible for Editor in 0.29 ms, found 0 plugins.
Preloading 0 native plugins for Editor in 0.00 ms.
Unloading 1113 Unused Serialized files (Serialized files now loaded: 0)
System memory in use before: 60.8 MB.
System memory in use after: 60.9 MB.

Unloading 5 unused Assets to reduce memory usage. Loaded Objects now: 1711.
Total: 1.814600 ms (FindLiveObjects: 0.209000 ms CreateObjectMapping: 0.040400 ms MarkObjects: 1.525100 ms  DeleteObjects: 0.039100 ms)

========================================================================
Received Prepare
Registering precompiled user dll's ...
Registered in 0.000559 seconds.
Begin MonoManager ReloadAssembly
Native extension for WindowsStandalone target not found
Native extension for WebGL target not found
Refreshing native plugins compatible for Editor in 0.21 ms, found 0 plugins.
Preloading 0 native plugins for Editor in 0.00 ms.
Mono: successfully reloaded assembly
- Completed reload, in  0.561 seconds
Platform modules already initialized, skipping
Refreshing native plugins compatible for Editor in 0.19 ms, found 0 plugins.
Preloading 0 native plugins for Editor in 0.00 ms.
Unloading 1113 Unused Serialized files (Serialized files now loaded: 0)
System memory in use before: 60.8 MB.
System memory in use after: 60.9 MB.

Unloading 5 unused Assets to reduce memory usage. Loaded Objects now: 1714.
Total: 1.553300 ms (FindLiveObjects: 0.126500 ms CreateObjectMapping: 0.031000 ms MarkObjects: 1.351000 ms  DeleteObjects: 0.044000 ms)

========================================================================
Received Import Request.
  Time since last request: 132.367021 seconds.
  path: ProjectSettings/TagManager.asset
  artifactKey: Guid(00000000000000003000000000000000) Importer(815301076,1909f56bfc062723c751e8b465ee728b)
Start importing ProjectSettings/TagManager.asset using Guid(00000000000000003000000000000000) Importer(815301076,1909f56bfc062723c751e8b465ee728b)  -> (artifact id: 'f0680538e3bf6205c8fcff5f1ca17e6d') in 0.029642 seconds
  Import took 0.031447 seconds .

========================================================================
Received Prepare
Registering precompiled user dll's ...
Registered in 0.000533 seconds.
Begin MonoManager ReloadAssembly
Native extension for WindowsStandalone target not found
Native extension for WebGL target not found
Refreshing native plugins compatible for Editor in 0.22 ms, found 0 plugins.
Preloading 0 native plugins for Editor in 0.00 ms.
Mono: successfully reloaded assembly
- Completed reload, in  0.555 seconds
Platform modules already initialized, skipping
Refreshing native plugins compatible for Editor in 0.21 ms, found 0 plugins.
Preloading 0 native plugins for Editor in 0.00 ms.
Unloading 1113 Unused Serialized files (Serialized files now loaded: 0)
System memory in use before: 60.8 MB.
System memory in use after: 60.9 MB.

Unloading 6 unused Assets to reduce memory usage. Loaded Objects now: 1717.
Total: 1.679700 ms (FindLiveObjects: 0.135800 ms CreateObjectMapping: 0.029900 ms MarkObjects: 1.453700 ms  DeleteObjects: 0.058900 ms)

========================================================================
Received Prepare
Registering precompiled user dll's ...
Registered in 0.000559 seconds.
Begin MonoManager ReloadAssembly
Native extension for WindowsStandalone target not found
Native extension for WebGL target not found
Refreshing native plugins compatible for Editor in 0.22 ms, found 0 plugins.
Preloading 0 native plugins for Editor in 0.00 ms.
Mono: successfully reloaded assembly
- Completed reload, in  0.541 seconds
Platform modules already initialized, skipping
Refreshing native plugins compatible for Editor in 0.19 ms, found 0 plugins.
Preloading 0 native plugins for Editor in 0.00 ms.
Unloading 1113 Unused Serialized files (Serialized files now loaded: 0)
System memory in use before: 60.8 MB.
System memory in use after: 60.9 MB.

Unloading 5 unused Assets to reduce memory usage. Loaded Objects now: 1720.
Total: 1.811600 ms (FindLiveObjects: 0.144600 ms CreateObjectMapping: 0.035500 ms MarkObjects: 1.588400 ms  DeleteObjects: 0.042500 ms)

========================================================================
Received Import Request.
  Time since last request: 124.705719 seconds.
  path: Assets/Cube.prefab
  artifactKey: Guid(4ec524406c079454aa7c4b0d59973e34) Importer(815301076,1909f56bfc062723c751e8b465ee728b)
Start importing Assets/Cube.prefab using Guid(4ec524406c079454aa7c4b0d59973e34) Importer(815301076,1909f56bfc062723c751e8b465ee728b)  -> (artifact id: '1dbc3e945b22c141fd3e7f04083cedba') in 0.057650 seconds
  Import took 0.059579 seconds .

========================================================================
Received Prepare
Registering precompiled user dll's ...
Registered in 0.000605 seconds.
Begin MonoManager ReloadAssembly
Native extension for WindowsStandalone target not found
Native extension for WebGL target not found
Refreshing native plugins compatible for Editor in 0.21 ms, found 0 plugins.
Preloading 0 native plugins for Editor in 0.00 ms.
Mono: successfully reloaded assembly
- Completed reload, in  0.547 seconds
Platform modules already initialized, skipping
Refreshing native plugins compatible for Editor in 0.20 ms, found 0 plugins.
Preloading 0 native plugins for Editor in 0.00 ms.
Unloading 1113 Unused Serialized files (Serialized files now loaded: 0)
System memory in use before: 60.8 MB.
System memory in use after: 60.9 MB.

Unloading 5 unused Assets to reduce memory usage. Loaded Objects now: 1724.
Total: 1.566200 ms (FindLiveObjects: 0.150100 ms CreateObjectMapping: 0.031900 ms MarkObjects: 1.338900 ms  DeleteObjects: 0.044500 ms)

========================================================================
Received Prepare
Registering precompiled user dll's ...
Registered in 0.000605 seconds.
Begin MonoManager ReloadAssembly
Native extension for WindowsStandalone target not found
Native extension for WebGL target not found
Refreshing native plugins compatible for Editor in 0.32 ms, found 0 plugins.
Preloading 0 native plugins for Editor in 0.00 ms.
Mono: successfully reloaded assembly
- Completed reload, in  0.582 seconds
Platform modules already initialized, skipping
Refreshing native plugins compatible for Editor in 0.19 ms, found 0 plugins.
Preloading 0 native plugins for Editor in 0.00 ms.
Unloading 1113 Unused Serialized files (Serialized files now loaded: 0)
System memory in use before: 60.8 MB.
System memory in use after: 60.9 MB.

Unloading 5 unused Assets to reduce memory usage. Loaded Objects now: 1727.
Total: 1.890400 ms (FindLiveObjects: 0.140500 ms CreateObjectMapping: 0.032800 ms MarkObjects: 1.673000 ms  DeleteObjects: 0.043200 ms)

========================================================================
Received Prepare
Registering precompiled user dll's ...
Registered in 0.000613 seconds.
Begin MonoManager ReloadAssembly
Native extension for WindowsStandalone target not found
Native extension for WebGL target not found
Refreshing native plugins compatible for Editor in 0.22 ms, found 0 plugins.
Preloading 0 native plugins for Editor in 0.00 ms.
Mono: successfully reloaded assembly
- Completed reload, in  0.574 seconds
Platform modules already initialized, skipping
Refreshing native plugins compatible for Editor in 0.22 ms, found 0 plugins.
Preloading 0 native plugins for Editor in 0.00 ms.
Unloading 1113 Unused Serialized files (Serialized files now loaded: 0)
System memory in use before: 60.8 MB.
System memory in use after: 60.9 MB.

Unloading 5 unused Assets to reduce memory usage. Loaded Objects now: 1730.
Total: 1.875600 ms (FindLiveObjects: 0.141300 ms CreateObjectMapping: 0.035500 ms MarkObjects: 1.655300 ms  DeleteObjects: 0.042800 ms)

========================================================================
Received Import Request.
  Time since last request: 154.220634 seconds.
  path: Assets/Cube.prefab
  artifactKey: Guid(4ec524406c079454aa7c4b0d59973e34) Importer(815301076,1909f56bfc062723c751e8b465ee728b)
Start importing Assets/Cube.prefab using Guid(4ec524406c079454aa7c4b0d59973e34) Importer(815301076,1909f56bfc062723c751e8b465ee728b)  -> (artifact id: '413cc72fcbf3cbb676554f03750c2be0') in 0.069782 seconds
  Import took 0.071757 seconds .

========================================================================
Received Prepare
Registering precompiled user dll's ...
Registered in 0.000506 seconds.
Begin MonoManager ReloadAssembly
Native extension for WindowsStandalone target not found
Native extension for WebGL target not found
Refreshing native plugins compatible for Editor in 0.22 ms, found 0 plugins.
Preloading 0 native plugins for Editor in 0.00 ms.
Mono: successfully reloaded assembly
- Completed reload, in  0.559 seconds
Platform modules already initialized, skipping
Refreshing native plugins compatible for Editor in 0.20 ms, found 0 plugins.
Preloading 0 native plugins for Editor in 0.00 ms.
Unloading 1113 Unused Serialized files (Serialized files now loaded: 0)
System memory in use before: 60.9 MB.
System memory in use after: 60.9 MB.

Unloading 5 unused Assets to reduce memory usage. Loaded Objects now: 1734.
Total: 1.689300 ms (FindLiveObjects: 0.143700 ms CreateObjectMapping: 0.035800 ms MarkObjects: 1.460200 ms  DeleteObjects: 0.048400 ms)

========================================================================
Received Import Request.
  Time since last request: 37.169170 seconds.
  path: Assets/Cube.prefab
  artifactKey: Guid(4ec524406c079454aa7c4b0d59973e34) Importer(815301076,1909f56bfc062723c751e8b465ee728b)
Start importing Assets/Cube.prefab using Guid(4ec524406c079454aa7c4b0d59973e34) Importer(815301076,1909f56bfc062723c751e8b465ee728b)  -> (artifact id: '483c08e294181cf2f0a450f7c6d4c755') in 0.065043 seconds
  Import took 0.067152 seconds .

========================================================================
Received Prepare
Registering precompiled user dll's ...
Registered in 0.000674 seconds.
Begin MonoManager ReloadAssembly
Native extension for WindowsStandalone target not found
Native extension for WebGL target not found
Refreshing native plugins compatible for Editor in 0.21 ms, found 0 plugins.
Preloading 0 native plugins for Editor in 0.00 ms.
Mono: successfully reloaded assembly
- Completed reload, in  0.613 seconds
Platform modules already initialized, skipping
Refreshing native plugins compatible for Editor in 0.20 ms, found 0 plugins.
Preloading 0 native plugins for Editor in 0.00 ms.
Unloading 1113 Unused Serialized files (Serialized files now loaded: 0)
System memory in use before: 60.9 MB.
System memory in use after: 60.9 MB.

Unloading 5 unused Assets to reduce memory usage. Loaded Objects now: 1738.
Total: 1.723000 ms (FindLiveObjects: 0.151000 ms CreateObjectMapping: 0.047700 ms MarkObjects: 1.475100 ms  DeleteObjects: 0.048600 ms)

========================================================================
Received Prepare
Registering precompiled user dll's ...
Registered in 0.000628 seconds.
Begin MonoManager ReloadAssembly
Native extension for WindowsStandalone target not found
Native extension for WebGL target not found
Refreshing native plugins compatible for Editor in 0.21 ms, found 0 plugins.
Preloading 0 native plugins for Editor in 0.00 ms.
Mono: successfully reloaded assembly
- Completed reload, in  0.580 seconds
Platform modules already initialized, skipping
Refreshing native plugins compatible for Editor in 0.20 ms, found 0 plugins.
Preloading 0 native plugins for Editor in 0.00 ms.
Unloading 1113 Unused Serialized files (Serialized files now loaded: 0)
System memory in use before: 60.9 MB.
System memory in use after: 60.9 MB.

Unloading 5 unused Assets to reduce memory usage. Loaded Objects now: 1741.
Total: 1.701700 ms (FindLiveObjects: 0.148900 ms CreateObjectMapping: 0.033400 ms MarkObjects: 1.471500 ms  DeleteObjects: 0.046900 ms)

========================================================================
Received Import Request.
  Time since last request: 365.226217 seconds.
  path: Assets/IPooledObject.cs
  artifactKey: Guid(16b3e502708d1454daebfc8078dfa576) Importer(815301076,1909f56bfc062723c751e8b465ee728b)
Start importing Assets/IPooledObject.cs using Guid(16b3e502708d1454daebfc8078dfa576) Importer(815301076,1909f56bfc062723c751e8b465ee728b)  -> (artifact id: 'e77cd9faf4b8b3d1c296fafd1fcc7ff6') in 0.022253 seconds
  Import took 0.024787 seconds .

========================================================================
Received Import Request.
  Time since last request: 0.002184 seconds.
  path: Assets/IPooledObject.cs
  artifactKey: Guid(16b3e502708d1454daebfc8078dfa576) Importer(815301076,1909f56bfc062723c751e8b465ee728b)
Start importing Assets/IPooledObject.cs using Guid(16b3e502708d1454daebfc8078dfa576) Importer(815301076,1909f56bfc062723c751e8b465ee728b)  -> (artifact id: 'e77cd9faf4b8b3d1c296fafd1fcc7ff6') in 0.022414 seconds
  Import took 0.024354 seconds .

========================================================================
Received Prepare
Registering precompiled user dll's ...
Registered in 0.000531 seconds.
Begin MonoManager ReloadAssembly
Native extension for WindowsStandalone target not found
Native extension for WebGL target not found
Refreshing native plugins compatible for Editor in 0.22 ms, found 0 plugins.
Preloading 0 native plugins for Editor in 0.00 ms.
Mono: successfully reloaded assembly
- Completed reload, in  0.546 seconds
Platform modules already initialized, skipping
Refreshing native plugins compatible for Editor in 0.20 ms, found 0 plugins.
Preloading 0 native plugins for Editor in 0.00 ms.
Unloading 1114 Unused Serialized files (Serialized files now loaded: 0)
System memory in use before: 60.9 MB.
System memory in use after: 61.0 MB.

Unloading 5 unused Assets to reduce memory usage. Loaded Objects now: 1745.
Total: 2.034300 ms (FindLiveObjects: 0.143000 ms CreateObjectMapping: 0.032700 ms MarkObjects: 1.814600 ms  DeleteObjects: 0.043200 ms)

========================================================================
Received Import Request.
  Time since last request: 355.855892 seconds.
  path: Assets/IPooledObject.cs
  artifactKey: Guid(16b3e502708d1454daebfc8078dfa576) Importer(815301076,1909f56bfc062723c751e8b465ee728b)
Start importing Assets/IPooledObject.cs using Guid(16b3e502708d1454daebfc8078dfa576) Importer(815301076,1909f56bfc062723c751e8b465ee728b)  -> (artifact id: '9b43de92f08ea539c934fc45c404b727') in 0.022075 seconds
  Import took 0.024264 seconds .

========================================================================
Received Import Request.
  Time since last request: 0.001506 seconds.
  path: Assets/IPooledObject.cs
  artifactKey: Guid(16b3e502708d1454daebfc8078dfa576) Importer(815301076,1909f56bfc062723c751e8b465ee728b)
Start importing Assets/IPooledObject.cs using Guid(16b3e502708d1454daebfc8078dfa576) Importer(815301076,1909f56bfc062723c751e8b465ee728b)  -> (artifact id: '9b43de92f08ea539c934fc45c404b727') in 0.018925 seconds
  Import took 0.020725 seconds .

========================================================================
Received Prepare
Registering precompiled user dll's ...
Registered in 0.000573 seconds.
Begin MonoManager ReloadAssembly
Native extension for WindowsStandalone target not found
Native extension for WebGL target not found
Refreshing native plugins compatible for Editor in 0.21 ms, found 0 plugins.
Preloading 0 native plugins for Editor in 0.00 ms.
Mono: successfully reloaded assembly
- Completed reload, in  0.568 seconds
Platform modules already initialized, skipping
Refreshing native plugins compatible for Editor in 0.19 ms, found 0 plugins.
Preloading 0 native plugins for Editor in 0.00 ms.
Unloading 1114 Unused Serialized files (Serialized files now loaded: 0)
System memory in use before: 60.9 MB.
System memory in use after: 61.0 MB.

Unloading 5 unused Assets to reduce memory usage. Loaded Objects now: 1748.
Total: 2.012200 ms (FindLiveObjects: 0.227000 ms CreateObjectMapping: 0.072900 ms MarkObjects: 1.663700 ms  DeleteObjects: 0.047600 ms)

========================================================================
Received Import Request.
  Time since last request: 47.707130 seconds.
  path: Assets/Cube.prefab
  artifactKey: Guid(4ec524406c079454aa7c4b0d59973e34) Importer(815301076,1909f56bfc062723c751e8b465ee728b)
Start importing Assets/Cube.prefab using Guid(4ec524406c079454aa7c4b0d59973e34) Importer(815301076,1909f56bfc062723c751e8b465ee728b)  -> (artifact id: '03d17d735c1de0da8f96b7763f4a806d') in 0.060165 seconds
  Import took 0.062206 seconds .

========================================================================
Received Prepare
Registering precompiled user dll's ...
Registered in 0.000652 seconds.
Begin MonoManager ReloadAssembly
Native extension for WindowsStandalone target not found
Native extension for WebGL target not found
Refreshing native plugins compatible for Editor in 0.21 ms, found 0 plugins.
Preloading 0 native plugins for Editor in 0.00 ms.
Mono: successfully reloaded assembly
- Completed reload, in  0.582 seconds
Platform modules already initialized, skipping
Refreshing native plugins compatible for Editor in 0.21 ms, found 0 plugins.
Preloading 0 native plugins for Editor in 0.00 ms.
Unloading 1114 Unused Serialized files (Serialized files now loaded: 0)
System memory in use before: 60.9 MB.
System memory in use after: 61.0 MB.

Unloading 5 unused Assets to reduce memory usage. Loaded Objects now: 1752.
Total: 1.703500 ms (FindLiveObjects: 0.172400 ms CreateObjectMapping: 0.030000 ms MarkObjects: 1.450900 ms  DeleteObjects: 0.048800 ms)

========================================================================
Received Import Request.
  Time since last request: 4.514521 seconds.
  path: Assets/Cube.prefab
  artifactKey: Guid(4ec524406c079454aa7c4b0d59973e34) Importer(815301076,1909f56bfc062723c751e8b465ee728b)
Start importing Assets/Cube.prefab using Guid(4ec524406c079454aa7c4b0d59973e34) Importer(815301076,1909f56bfc062723c751e8b465ee728b)  -> (artifact id: '07fc8b890b3d2418febe34356b6370ba') in 0.060335 seconds
  Import took 0.062200 seconds .

========================================================================
Received Import Request.
  Time since last request: 9.488045 seconds.
  path: Assets/Cube Material.mat
  artifactKey: Guid(4e34043bfbbcab8468f7c8d46520fce7) Importer(815301076,1909f56bfc062723c751e8b465ee728b)
Start importing Assets/Cube Material.mat using Guid(4e34043bfbbcab8468f7c8d46520fce7) Importer(815301076,1909f56bfc062723c751e8b465ee728b)  -> (artifact id: '939f6cc0a514fd470d2f1d8c82f89bd3') in 0.036205 seconds
  Import took 0.038063 seconds .

========================================================================
Received Import Request.
  Time since last request: 0.000138 seconds.
  path: Assets/Ground Material.mat
  artifactKey: Guid(df7718014cf614849b3c11ce607331fc) Importer(815301076,1909f56bfc062723c751e8b465ee728b)
Start importing Assets/Ground Material.mat using Guid(df7718014cf614849b3c11ce607331fc) Importer(815301076,1909f56bfc062723c751e8b465ee728b)  -> (artifact id: 'cb7c57f8f8e79d6d8b8536c72395938f') in 0.024877 seconds
  Import took 0.026323 seconds .

AssetImportWorkerClient::OnTransportError - code=2 error=End of file
