Using pre-set license
Built from '2020.3/release' branch; Version is '2020.3.7f1 (dd97f2c94397) revision 14522354'; Using compiler version '192528614'; Build Type 'Release'
OS: 'Windows 10 Home; OS build 19042.1348; Version 2009; 64bit' Language: 'en' Physical Memory: 32620 MB
BatchMode: 1, IsHumanControllingUs: 0, StartBugReporterOnCrash: 0, Is64bit: 1, IsPro: 0

 COMMAND LINE ARGUMENTS:
C:\Program Files\Unity\Hub\Editor\2020.3.7f1\Editor\Unity.exe
-adb2
-batchMode
-noUpm
-name
AssetImportWorker0
-projectPath
C:/Users/kerem/OneDrive/Masaüstü/Unity Repos/Object Pooling
-logFile
Logs/AssetImportWorker0.log
-srvPort
55497
Successfully changed project path to: C:/Users/kerem/OneDrive/Masaüstü/Unity Repos/Object Pooling
C:/Users/kerem/OneDrive/Masaüstü/Unity Repos/Object Pooling
Using Asset Import Pipeline V2.
Refreshing native plugins compatible for Editor in 21.60 ms, found 0 plugins.
Preloading 0 native plugins for Editor in 0.00 ms.
Initialize engine version: 2020.3.7f1 (dd97f2c94397)
[Subsystems] Discovering subsystems at path C:/Program Files/Unity/Hub/Editor/2020.3.7f1/Editor/Data/Resources/UnitySubsystems
[Subsystems] Discovering subsystems at path C:/Users/kerem/OneDrive/Masaüstü/Unity Repos/Object Pooling/Assets
GfxDevice: creating device client; threaded=0
Direct3D:
    Version:  Direct3D 11.0 [level 11.1]
    Renderer: NVIDIA GeForce RTX 3070 Laptop GPU (ID=0x24dd)
    Vendor:   
    VRAM:     8044 MB
    Driver:   27.21.14.6681
Initialize mono
Mono path[0] = 'C:/Program Files/Unity/Hub/Editor/2020.3.7f1/Editor/Data/Managed'
Mono path[1] = 'C:/Program Files/Unity/Hub/Editor/2020.3.7f1/Editor/Data/MonoBleedingEdge/lib/mono/unityjit'
Mono config path = 'C:/Program Files/Unity/Hub/Editor/2020.3.7f1/Editor/Data/MonoBleedingEdge/etc'
Using monoOptions --debugger-agent=transport=dt_socket,embedding=1,server=y,suspend=n,address=127.0.0.1:56356
Begin MonoManager ReloadAssembly
Registering precompiled unity dll's ...
Register platform support module: C:/Program Files/Unity/Hub/Editor/2020.3.7f1/Editor/Data/PlaybackEngines/WebGLSupport/UnityEditor.WebGL.Extensions.dll
Register platform support module: C:/Program Files/Unity/Hub/Editor/2020.3.7f1/Editor/Data/PlaybackEngines/WindowsStandaloneSupport/UnityEditor.WindowsStandalone.Extensions.dll
Registered in 0.002509 seconds.
Native extension for WindowsStandalone target not found
Native extension for WebGL target not found
Refreshing native plugins compatible for Editor in 22.88 ms, found 0 plugins.
Preloading 0 native plugins for Editor in 0.00 ms.
Mono: successfully reloaded assembly
- Completed reload, in  1.850 seconds
Platform modules already initialized, skipping
Registering precompiled user dll's ...
Registered in 0.000766 seconds.
Begin MonoManager ReloadAssembly
Native extension for WindowsStandalone target not found
Native extension for WebGL target not found
Refreshing native plugins compatible for Editor in 0.24 ms, found 0 plugins.
Preloading 0 native plugins for Editor in 0.00 ms.
Mono: successfully reloaded assembly
- Completed reload, in  0.768 seconds
Platform modules already initialized, skipping
========================================================================
Worker process is ready to serve import requests
Launched and connected shader compiler UnityShaderCompiler.exe after 0.05 seconds
Refreshing native plugins compatible for Editor in 0.39 ms, found 0 plugins.
Preloading 0 native plugins for Editor in 0.00 ms.
Unloading 1120 Unused Serialized files (Serialized files now loaded: 0)
System memory in use before: 57.3 MB.
System memory in use after: 57.3 MB.

Unloading 10 unused Assets to reduce memory usage. Loaded Objects now: 1562.
Total: 1.937400 ms (FindLiveObjects: 0.150700 ms CreateObjectMapping: 0.049900 ms MarkObjects: 1.657300 ms  DeleteObjects: 0.078500 ms)

========================================================================
Received Import Request.
  path: Assets/ObjectPooler.cs
  artifactKey: Guid(8cb473f812b8cde4fb1c4126abf24957) Importer(815301076,1909f56bfc062723c751e8b465ee728b)
Start importing Assets/ObjectPooler.cs using Guid(8cb473f812b8cde4fb1c4126abf24957) Importer(815301076,1909f56bfc062723c751e8b465ee728b)  -> (artifact id: 'b8fe3ed5ef5eeb5904d25fc81c373c70') in 0.039211 seconds
  Import took 0.041232 seconds .

========================================================================
Received Import Request.
  Time since last request: 5.889085 seconds.
  path: Assets/Prefabs
  artifactKey: Guid(f687680ba191fde49967ca72d2f54e4c) Importer(815301076,1909f56bfc062723c751e8b465ee728b)
Start importing Assets/Prefabs using Guid(f687680ba191fde49967ca72d2f54e4c) Importer(815301076,1909f56bfc062723c751e8b465ee728b)  -> (artifact id: '511da7574765cf3945678ba9af8502b6') in 0.027457 seconds
  Import took 0.029467 seconds .

========================================================================
Received Import Request.
  Time since last request: 7.360837 seconds.
  path: Assets/Materials
  artifactKey: Guid(5eb6bf015f16caa408d753d7440ed5f3) Importer(815301076,1909f56bfc062723c751e8b465ee728b)
Start importing Assets/Materials using Guid(5eb6bf015f16caa408d753d7440ed5f3) Importer(815301076,1909f56bfc062723c751e8b465ee728b)  -> (artifact id: 'c9ee18d44441c91f3d86555787e02a01') in 0.027117 seconds
  Import took 0.029168 seconds .

========================================================================
Received Import Request.
  Time since last request: 15.602649 seconds.
  path: Assets/Scripts
  artifactKey: Guid(51e90cce834b06542b95bfb7b74df823) Importer(815301076,1909f56bfc062723c751e8b465ee728b)
Start importing Assets/Scripts using Guid(51e90cce834b06542b95bfb7b74df823) Importer(815301076,1909f56bfc062723c751e8b465ee728b)  -> (artifact id: '33e5c485ad2dd2f049ab84ba2af2c1eb') in 0.026415 seconds
  Import took 0.028426 seconds .

========================================================================
Received Prepare
Registering precompiled user dll's ...
Registered in 0.000599 seconds.
Begin MonoManager ReloadAssembly
Native extension for WindowsStandalone target not found
Native extension for WebGL target not found
Refreshing native plugins compatible for Editor in 0.24 ms, found 0 plugins.
Preloading 0 native plugins for Editor in 0.00 ms.
Mono: successfully reloaded assembly
- Completed reload, in  0.715 seconds
Platform modules already initialized, skipping
Refreshing native plugins compatible for Editor in 0.24 ms, found 0 plugins.
Preloading 0 native plugins for Editor in 0.00 ms.
Unloading 1115 Unused Serialized files (Serialized files now loaded: 0)
System memory in use before: 57.2 MB.
System memory in use after: 57.3 MB.

Unloading 5 unused Assets to reduce memory usage. Loaded Objects now: 1565.
Total: 1.849800 ms (FindLiveObjects: 0.147000 ms CreateObjectMapping: 0.031800 ms MarkObjects: 1.616400 ms  DeleteObjects: 0.053800 ms)

========================================================================
Received Import Request.
  Time since last request: 65.907658 seconds.
  path: Assets/Scripts/Thing.cs
  artifactKey: Guid(1ef78064a916d944da8909acb767a916) Importer(815301076,1909f56bfc062723c751e8b465ee728b)
Start importing Assets/Scripts/Thing.cs using Guid(1ef78064a916d944da8909acb767a916) Importer(815301076,1909f56bfc062723c751e8b465ee728b)  -> (artifact id: '09e050c6cc73c06bdba17c35d0d383d9') in 0.029123 seconds
  Import took 0.031123 seconds .

========================================================================
Received Import Request.
  Time since last request: 0.010052 seconds.
  path: Assets/Scripts/Spawner.cs
  artifactKey: Guid(d5b87b4c78d8e5e43b87f6d5c7e59c90) Importer(815301076,1909f56bfc062723c751e8b465ee728b)
Start importing Assets/Scripts/Spawner.cs using Guid(d5b87b4c78d8e5e43b87f6d5c7e59c90) Importer(815301076,1909f56bfc062723c751e8b465ee728b)  -> (artifact id: '9787d0228264e56fec0201288c53e8a7') in 0.026930 seconds
  Import took 0.028857 seconds .

AssetImportWorkerClient::OnTransportError - code=2 error=End of file
